[24/08/2025 20:45:27.80] Applied config2 
[24/08/2025 20:46:09.86] Applied 1 
[24/08/2025 20:49:41.33] Applied config1 
[24/08/2025 20:53:46.36] Applied config2 
[24/08/2025 20:54:41.74] Applied config1 
[25/08/2025 20:38:18.97] Applied config1 
[25/08/2025 20:38:31.45] Applied config2 
[26/08/2025  9:37:40.10] Applied config2 
[26/08/2025  9:37:56.16] Applied 1 
[28/08/2025 16:40:40.00] Applied config2 
[28/08/2025 16:41:21.28] Applied config1 
[28/08/2025 16:42:07.84] Applied config2 
[28/08/2025 16:42:16.24] Applied config1 
[28/08/2025 16:42:19.15] Applied config2 
[28/08/2025 16:44:27.55] Applied config1 
[31/08/2025 21:44:52.10] Applied config2 
[31/08/2025 21:45:28.45] Applied config1 
[31/08/2025 21:45:31.10] Applied config2 
[31/08/2025 21:45:47.35] Applied config1 
[31/08/2025 21:46:04.73] Applied config2 
[01/09/2025  9:08:45.40] Applied config1 
[05/09/2025  7:33:16.88] Applied config2 
[05/09/2025  7:38:06.80] Applied config1 
[05/09/2025  7:39:56.24] Applied config2 
[05/09/2025  7:44:15.78] Applied config1 
[07/09/2025  7:20:04.61] Applied config2 
[07/09/2025  7:21:25.92] Applied config1 
[09/09/2025 11:42:10.12] Applied config2 
[09/09/2025 11:45:04.32] Applied config1 
[09/09/2025 11:45:06.00] Applied config2 
[09/09/2025 11:45:41.00] Applied config1 
[14/09/2025  7:22:00.10] Applied config2 
[14/09/2025  7:22:56.66] Applied config1 
[17/09/2025  9:09:31.15] Applied 1 
[17/09/2025  9:11:27.08] Applied 1 
[17/09/2025  9:12:20.34] Applied 1 
[17/09/2025  9:15:19.98] Applied 1 
[17/09/2025  9:15:49.96] Applied 1 
[17/09/2025  9:16:03.36] Applied 1 
[17/09/2025  9:16:33.44] Applied 1 
[17/09/2025  9:16:53.78] Applied 1 
[17/09/2025 10:04:31.63] Applied 2 
[17/09/2025 10:05:28.94] Applied 1 
[17/09/2025 10:05:55.56] Applied 2 
[17/09/2025 10:08:06.63] Applied 1 
[17/09/2025 10:16:13.12] Applied 2 
[17/09/2025 10:21:03.36] Applied 2 
[17/09/2025 10:27:03.96] Applied config2
[17/09/2025 10:28:47.05] Applied 1
[17/09/2025 11:45:09.33] Applied 1
[17/09/2025 11:45:29.59] Applied config2
[17/09/2025 11:46:14.90] Applied 1
[17/09/2025 11:55:13.62] Applied config2
[17/09/2025 11:55:23.50] Applied config2
[17/09/2025 11:55:33.84] Applied 1
[17/09/2025 15:34:19.24] Applied 3
[17/09/2025 15:34:35.67] Applied 1
[17/09/2025 15:38:37.67] Applied config2
[17/09/2025 15:38:52.41] Applied 5
[17/09/2025 15:43:03.98] Applied 3
[17/09/2025 15:43:17.14] Applied 5
[17/09/2025 15:46:49.70] Applied 5
[17/09/2025 15:47:09.53] Applied 1
[17/09/2025 15:49:32.62] Applied 5
[17/09/2025 15:50:03.35] Applied 1
[17/09/2025 15:50:14.41] Applied 1
[17/09/2025 15:50:23.42] Applied config2
[17/09/2025 15:55:04.32] Applied config1
[17/09/2025 15:57:12.47] Applied config1
[17/09/2025 15:58:18.41] Applied config1
[17/09/2025 16:05:58.40] Applied config2
[17/09/2025 16:07:12.21] Applied config1
[17/09/2025 16:52:05.00] Applied 5
[17/09/2025 16:52:16.44] Applied config1
[17/09/2025 16:52:34.50] Applied config1
[17/09/2025 16:52:42.43] Applied config2
[17/09/2025 16:52:51.10] Applied 5
[17/09/2025 17:15:58.36] Applied config1
[17/09/2025 17:16:13.43] Applied config2
[17/09/2025 17:16:20.37] Applied config3
[17/09/2025 17:17:48.31] Applied config2
[17/09/2025 17:17:56.37] Applied config4
[17/09/2025 17:18:02.30] Applied config5
[17/09/2025 17:18:18.39] Applied config1
[17/09/2025 17:25:06.38] Applied config1
[17/09/2025 17:25:12.41] Applied config2
[17/09/2025 17:25:21.32] Applied config3
[17/09/2025 17:25:26.27] Applied config4
[17/09/2025 17:25:31.25] Applied config5
[17/09/2025 17:42:58.34] Applied config2
[17/09/2025 17:44:28.39] Applied config2
[17/09/2025 17:54:18.53] Applied Config 1 
[17/09/2025 17:58:26.79] Applied Config 2 
[17/09/2025 17:58:47.72] Applied Config 1 
[17/09/2025 17:58:54.59] Applied Config 1 
[17/09/2025 21:12:48.78] Applied Config 2
[17/09/2025 21:16:24.54] Applied Config 1
[17/09/2025 21:16:36.44] Applied Config 2
[17/09/2025 21:16:48.69] Applied Config 3
[17/09/2025 21:17:01.41] Applied Config 4
[17/09/2025 21:17:25.47] Applied Config 1
[17/09/2025 21:17:44.79] Applied Config 1
[17/09/2025 21:18:14.98] Applied Config 2
[17/09/2025 21:18:33.43] Applied Config 1
[17/09/2025 21:18:44.54] Applied Config 3
[17/09/2025 21:18:56.50] Applied Config 4
[17/09/2025 21:19:08.29] Applied Config 1
[17/09/2025 21:31:06.94] Applied Config 4
[17/09/2025 21:31:22.50] Applied Config 1
[17/09/2025 21:32:37.00] Applied Config 3
[17/09/2025 21:32:53.88] Applied Config 4
[17/09/2025 21:33:24.59] Applied Config 1
[18/09/2025  8:53:50.86] Applied Config 2
[18/09/2025  8:54:07.55] Applied Config 1
[18/09/2025  9:01:34.12] Applied 2
[18/09/2025  9:11:03.76] Applied 1
[18/09/2025  9:11:37.06] Applied 1
[18/09/2025  9:11:45.01] Applied 2
[18/09/2025  9:12:03.37] Applied 1
[18/09/2025  9:19:51.30] Applied 2
[18/09/2025  9:20:51.37] Applied 2
[18/09/2025  9:21:01.30] Applied 1
[18/09/2025  9:45:48.24] Applied 2
[18/09/2025  9:46:09.68] Applied 1
[18/09/2025  9:47:48.77] Applied 1
[18/09/2025  9:47:55.25] Applied 2
[18/09/2025  9:48:12.42] Applied 1
[18/09/2025  9:48:29.47] Applied 1
[18/09/2025  9:52:04.28] Applied 2
[18/09/2025  9:52:14.43] Applied 1
[21/09/2025  7:20:02.18] Applied config2
[21/09/2025  7:20:42.21] Applied config1
[21/09/2025  7:28:54.18] Applied config2
[21/09/2025  7:29:00.24] Applied config1
[25/09/2025 21:18:12.25] Applied config2
[25/09/2025 21:18:34.16] Applied config1
[28/09/2025 15:37:42.25] Applied config2
[28/09/2025 15:37:48.25] Applied config1
[28/09/2025 15:38:26.21] Applied config2
[28/09/2025 15:48:20.23] Applied config1
[28/09/2025 15:48:57.18] Applied config2
[28/09/2025 15:49:41.19] Applied config1
[28/09/2025 15:49:42.22] Applied config2
[28/09/2025 15:50:04.18] Applied config1
[28/09/2025 15:50:18.25] Applied config2
[28/09/2025 15:50:22.21] Applied config1
[28/09/2025 15:51:10.25] Applied config2
[28/09/2025 15:52:26.16] Applied config1
[28/09/2025 15:53:03.21] Applied config2
[28/09/2025 15:53:08.17] Applied config1
[28/09/2025 15:53:33.15] Applied config2
[28/09/2025 15:53:39.23] Applied config2
[28/09/2025 15:53:39.24] Applied config1
[28/09/2025 15:55:30.21] Applied config1
[28/09/2025 16:13:55.15] Applied config2
[28/09/2025 16:17:17.18] Applied config2
[28/09/2025 16:17:18.20] Applied config2
[28/09/2025 16:17:19.23] Applied config1
[28/09/2025 16:24:23.24] Applied config1
[28/09/2025 17:19:43.20] Applied config2
[28/09/2025 17:57:24.21] Applied config1
[29/09/2025 18:00:04.20] Applied config2
[29/09/2025 18:00:06.20] Applied config1
[29/09/2025 18:00:07.17] Applied config2
[29/09/2025 18:02:01.16] Applied config1
[29/09/2025 18:02:36.18] Applied config2
[29/09/2025 18:26:46.16] Applied config1
[29/09/2025 18:28:05.22] Applied config2
[29/09/2025 18:32:41.23] Applied config1
[29/09/2025 18:35:32.19] Applied config2
[29/09/2025 18:35:58.20] Applied config1
[29/09/2025 18:36:26.22] Applied config2
[29/09/2025 18:36:37.23] Applied config1
[29/09/2025 18:38:58.23] Applied config2
[29/09/2025 18:45:14.23] Applied config1
[29/09/2025 18:47:40.21] Applied config2
[29/09/2025 18:48:13.17] Applied config1
[29/09/2025 19:36:14.21] Applied config2
[29/09/2025 19:46:24.16] Applied config1
[29/09/2025 19:50:25.20] Applied config2
[29/09/2025 21:42:05.27] Applied config1
[02/10/2025 17:31:54.18] Applied config2
[02/10/2025 17:32:09.23] Applied config1
[09/10/2025  8:47:23.14] Applied config2
[09/10/2025  8:48:00.25] Applied config1
[09/10/2025  8:48:11.14] Applied config2
[09/10/2025  8:48:43.16] Applied config1
[16/10/2025 16:17:53.21] Applied config2
[16/10/2025 16:18:24.22] Applied config1
[16/10/2025 17:29:58.24] Applied config2
[16/10/2025 17:37:01.22] Applied config1
[16/10/2025 17:37:29.15] Applied config2
[16/10/2025 17:37:43.25] Applied config1
[16/10/2025 17:37:45.16] Applied config2
[16/10/2025 17:37:56.20] Applied config1
[16/10/2025 17:38:13.25] Applied config2
[16/10/2025 17:38:28.19] Applied config1
[16/10/2025 17:38:56.22] Applied config2
[16/10/2025 17:39:19.18] Applied config1
[16/10/2025 17:40:27.25] Applied config2
[16/10/2025 17:41:46.22] Applied config1
[16/10/2025 18:13:58.18] Applied config2
[16/10/2025 18:14:13.18] Applied config1
[17/10/2025 18:27:49.16] Applied config2
[17/10/2025 18:27:53.21] Applied config2
[17/10/2025 18:27:53.21] Applied config1
[17/10/2025 18:27:57.19] Applied config1
[17/10/2025 18:28:24.19] Applied config2
[17/10/2025 18:28:34.19] Applied config1
[18/10/2025 11:28:33.24] Applied config2
[18/10/2025 11:28:51.16] Applied config1
[18/10/2025 12:37:25.19] Applied config2
[18/10/2025 13:08:41.15] Applied config1
[18/10/2025 13:08:42.15] Applied config2
[01/11/2025 21:49:42.19] Applied config2
[01/11/2025 21:50:11.20] Applied config1
[01/11/2025 21:50:17.26] Applied config2
[01/11/2025 21:50:18.23] Applied config2
[01/11/2025 21:50:19.17] Applied config1
[01/11/2025 21:52:02.24] Applied config1
[01/11/2025 21:52:09.23] Applied config2
[01/11/2025 21:52:16.22] Applied config1
[03/11/2025 21:23:22.24] Applied config2
[03/11/2025 21:23:57.17] Applied config1
[06/11/2025 18:15:46.22] Applied config1
[07/11/2025 21:35:34.21] Applied config2
[07/11/2025 21:38:18.24] Applied config1
[18/11/2025 17:32:19.15] Applied config2
[18/11/2025 17:32:23.16] Applied config1
[18/11/2025 17:33:40.20] Applied config2
[18/11/2025 18:00:04.21] Applied config1
[19/11/2025 19:22:39.19] Applied config2
[19/11/2025 19:51:27.17] Applied config1
[24/11/2025 20:39:46.17] Applied config2
[24/11/2025 20:46:46.18] Applied config1
[25/11/2025 21:27:58.22] Applied config2
[25/11/2025 21:32:00.18] Applied config1
[29/11/2025 18:58:20.21] Applied config2
[29/11/2025 19:19:31.20] Applied config1
[30/11/2025 21:41:56.19] Applied config2
[30/11/2025 21:44:30.19] Applied config1
[05/12/2025  6:41:58.14] Applied config2
[05/12/2025  6:42:45.19] Applied config1
[06/12/2025 19:05:29.22] Applied config2
[06/12/2025 19:20:33.23] Applied config1
[07/12/2025 21:59:30.24] Applied config2
[07/12/2025 22:00:32.25] Applied config1
[13/12/2025 18:01:42.17] Applied config2
[13/12/2025 18:02:01.21] Applied config1
[13/12/2025 21:16:52.22] Applied config2
[13/12/2025 21:24:16.19] Applied config1
[15/12/2025 19:54:15.21] Applied config2
[15/12/2025 19:54:43.26] Applied config1
[16/12/2025  8:28:15.20] Applied config2
[16/12/2025  8:29:47.22] Applied config1
[18/12/2025 21:59:03.25] Applied config2
[18/12/2025 22:00:13.16] Applied config1
[21/12/2025  7:49:36.19] Applied config2
[21/12/2025  7:50:47.17] Applied config1
[22/12/2025 18:06:32.20] Applied config2
[22/12/2025 19:17:25.19] Applied config1
[22/12/2025 19:21:57.19] Applied config2
[22/12/2025 21:31:39.18] Applied config1
[23/12/2025 18:32:25.18] Applied config2
[23/12/2025 18:47:43.23] Applied config1
[23/12/2025 18:54:25.26] Applied config2
[23/12/2025 18:56:51.19] Applied config1
[24/12/2025  9:55:03.21] Applied config2
[24/12/2025  9:59:58.22] Applied config2
[24/12/2025 10:00:04.16] Applied config2
[24/12/2025 10:00:08.16] Applied config2
[24/12/2025 10:14:52.20] Applied config1
[24/12/2025 10:28:38.20] Applied config2
[24/12/2025 10:29:53.15] Applied config1
[24/12/2025 10:32:45.19] Applied config2
[24/12/2025 10:33:01.24] Applied config1
[24/12/2025 10:33:02.20] Applied config2
[24/12/2025 10:55:11.18] Applied config1
[24/12/2025 14:15:09.20] Applied config2
[24/12/2025 14:15:15.15] Applied config1
[24/12/2025 14:15:18.22] Applied config2
[24/12/2025 14:29:50.25] Applied config1
[26/12/2025 19:08:19.22] Applied config2
[26/12/2025 20:45:22.15] Applied config1
[28/12/2025 21:34:25.25] Applied config2
[28/12/2025 21:46:34.25] Applied config1
[28/12/2025 21:52:12.22] Applied config2
[28/12/2025 21:52:50.27] Applied config1
[01/01/2026 19:23:48.23] Applied config2
[01/01/2026 19:50:17.25] Applied config1
[01/01/2026 19:51:04.21] Applied config2
[01/01/2026 19:55:23.23] Applied config1
[01/01/2026 19:55:57.16] Applied config2
[01/01/2026 19:56:16.23] Applied config1
[01/01/2026 19:57:26.19] Applied config2
[01/01/2026 21:33:02.16] Applied config1
[13/01/2026 20:28:42.19] Applied config2
[13/01/2026 20:34:42.19] Applied config1
[18/01/2026  8:33:58.19] Applied config2
[18/01/2026  8:34:52.19] Applied config1
[18/01/2026  8:35:27.19] Applied config2
[18/01/2026  8:38:47.21] Applied config1
[25/01/2026 16:29:53.17] Applied config2
[25/01/2026 20:14:45.20] Applied config1
[25/01/2026 20:15:36.44] Applied config2
[25/01/2026 21:38:35.19] Applied config1
[30/01/2026 19:56:24.15] Applied config2
[30/01/2026 19:57:20.14] Applied config1
