[2026-31-01 15:54:49] [INFO] DisplaySwitcher v1.0.0 starting... 
[2026-31-01 15:54:49] [INFO] Initializing system... 
 
[2026-31-01 15:54:49] [INFO] System initialization complete 
[2026-31-01 15:55:02] [INFO] DisplaySwitcher v1.0.0 starting... 
[2026-31-01 15:55:02] [INFO] Initializing system... 
 
[2026-31-01 15:55:02] [INFO] System initialization complete 
[2026-31-01 15:55:02] [INFO] Requested profile: TripleMonitor 
[2026-31-01 15:55:02] [INFO] Executing configuration for profile: TripleMonitor 
[2026-31-01 15:55:03] [INFO] Configuration execution not yet implemented 
[2026-31-01 15:55:03] [INFO] DisplaySwitcher execution complete with exit code: 0 
[2026-31-01 15:55:13] [INFO] DisplaySwitcher v1.0.0 starting... 
[2026-31-01 15:55:13] [INFO] Initializing system... 
 
[2026-31-01 15:55:13] [INFO] System initialization complete 
[2026-31-01 15:55:13] [INFO] Verbose mode enabled 
[2026-31-01 15:55:13] [INFO] Using custom profile name: -v 
[2026-31-01 15:55:13] [INFO] Requested profile: -v 
[2026-31-01 15:55:13] [INFO] Executing configuration for profile: -v 
[2026-31-01 15:55:14] [INFO] Configuration execution not yet implemented 
[2026-31-01 15:55:14] [INFO] DisplaySwitcher execution complete with exit code: 0 
[2026-31-01 15:55:27] [INFO] DisplaySwitcher v1.0.0 starting... 
[2026-31-01 15:55:27] [INFO] Initializing system... 
 
[2026-31-01 15:55:28] [INFO] System initialization complete 
[2026-31-01 15:55:28] [INFO] No arguments provided 
[2026-31-01 15:58:59] [INFO] DisplaySwitcher v1.0.0 starting... 
[2026-31-01 15:58:59] [INFO] Initializing system... 
 
[2026-31-01 15:58:59] [INFO] System initialization complete 
[2026-31-01 15:58:59] [INFO] Verbose mode enabled 
[2026-31-01 15:58:59] [INFO] Requested profile: TripleMonitor 
[2026-31-01 15:58:59] [INFO] Executing configuration for profile: TripleMonitor 
[2026-31-01 15:58:59] [INFO] Configuration execution not yet implemented 
[2026-31-01 15:58:59] [INFO] DisplaySwitcher execution complete with exit code: 0 
[2026-31-01 15:59:16] [INFO] DisplaySwitcher v1.0.0 starting... 
[2026-31-01 15:59:16] [INFO] Initializing system... 
 
[2026-31-01 15:59:16] [INFO] System initialization complete 
[2026-31-01 15:59:16] [INFO] Verbose mode enabled 
[2026-31-01 15:59:16] [INFO] Requested profile: TripleMonitor 
[2026-31-01 15:59:16] [INFO] Executing configuration for profile: TripleMonitor 
[2026-31-01 15:59:16] [INFO] Querying display state... 
[2026-31-01 15:59:17] [VERBOSE] Found monitor: DISPLAY\GSM587E\5&121087ab&0&UID4355_0 
[2026-31-01 15:59:17] [VERBOSE] Found monitor: DISPLAY\AOC2703\5&121087ab&0&UID4356_0 
[2026-31-01 15:59:17] [VERBOSE] Found monitor: DISPLAY\GSM587E\5&121087ab&0&UID4352_0 
[2026-31-01 15:59:17] [INFO] Display state query complete. Found 3 monitors. 
[2026-31-01 15:59:17] [INFO] Current monitor count: 3 
[2026-31-01 15:59:17] [INFO] Applying DisplayFusion profile: TripleMonitor 
[2026-31-01 15:59:17] [VERBOSE] Executing: """" -monitorloadprofile ""TripleMonitor"" 
[2026-31-01 15:59:17] [ERROR] DisplayFusion command 'monitorloadprofile' failed: DisplayFusionCommand.exe not found 
[2026-31-01 15:59:17] [ERROR] Failed to apply profile: TripleMonitor (Error: 9009) 
[2026-31-01 15:59:17] [ERROR] Failed to apply configuration profile 
[2026-31-01 15:59:17] [INFO] DisplaySwitcher execution complete with exit code: 9009 
[2026-31-01 15:59:38] [INFO] DisplaySwitcher v1.0.0 starting... 
[2026-31-01 15:59:38] [INFO] Initializing system... 
 
[2026-31-01 15:59:39] [INFO] System initialization complete 
[2026-31-01 15:59:39] [INFO] Verbose mode enabled 
[2026-31-01 15:59:39] [INFO] Requested profile: TripleMonitor 
[2026-31-01 15:59:39] [INFO] Executing configuration for profile: TripleMonitor 
[2026-31-01 15:59:39] [INFO] Querying display state... 
[2026-31-01 15:59:39] [VERBOSE] Found monitor: DISPLAY\GSM587E\5&121087ab&0&UID4355_0 
[2026-31-01 15:59:39] [VERBOSE] Found monitor: DISPLAY\AOC2703\5&121087ab&0&UID4356_0 
[2026-31-01 15:59:39] [VERBOSE] Found monitor: DISPLAY\GSM587E\5&121087ab&0&UID4352_0 
[2026-31-01 15:59:39] [INFO] Display state query complete. Found 3 monitors. 
[2026-31-01 15:59:39] [INFO] Current monitor count: 3 
[2026-31-01 15:59:39] [INFO] Applying DisplayFusion profile: TripleMonitor 
[2026-31-01 15:59:39] [VERBOSE] Executing: ""C:\Program Files\DisplayFusion\DisplayFusionCommand.exe"" -monitorloadprofile ""TripleMonitor"" 
[2026-31-01 15:59:40] [INFO] Profile command sent successfully: TripleMonitor 
[2026-31-01 15:59:40] [VERBOSE] Calculated adaptive delay for 'profile': 5s 
[2026-31-01 15:59:40] [INFO] Waiting  seconds for monitor stabilization... 
[2026-31-01 15:59:40] [VERBOSE] Stabilization delay: s (min: s, max: s) 
[2026-31-01 15:59:40] [VERBOSE] Stabilization wait complete 
[2026-31-01 15:59:41] [INFO] Querying display state... 
[2026-31-01 15:59:41] [VERBOSE] Found monitor: DISPLAY\GSM587E\5&121087ab&0&UID4355_0 
[2026-31-01 15:59:41] [VERBOSE] Found monitor: DISPLAY\AOC2703\5&121087ab&0&UID4356_0 
[2026-31-01 15:59:41] [VERBOSE] Found monitor: DISPLAY\GSM587E\5&121087ab&0&UID4352_0 
[2026-31-01 15:59:41] [INFO] Display state query complete. Found 3 monitors. 
[2026-31-01 15:59:41] [INFO] Monitor count after change: 3 
[2026-31-01 15:59:41] [INFO] Configuration applied successfully 
[2026-31-01 15:59:41] [INFO] DisplaySwitcher execution complete with exit code: 0 
[2026-31-01 16:00:27] [INFO] DisplaySwitcher v1.0.0 starting... 
[2026-31-01 16:00:27] [INFO] Initializing system... 
 
[2026-31-01 16:00:27] [INFO] System initialization complete 
[2026-31-01 16:00:27] [INFO] Verbose mode enabled 
[2026-31-01 16:00:27] [INFO] Requested profile: TripleMonitor 
[2026-31-01 16:00:27] [INFO] Executing configuration for profile: TripleMonitor 
[2026-31-01 16:00:27] [INFO] Querying display state... 
[2026-31-01 16:00:27] [VERBOSE] Found monitor: DISPLAY\GSM587E\5&121087ab&0&UID4355_0 
[2026-31-01 16:00:27] [VERBOSE] Found monitor: DISPLAY\AOC2703\5&121087ab&0&UID4356_0 
[2026-31-01 16:00:27] [VERBOSE] Found monitor: DISPLAY\GSM587E\5&121087ab&0&UID4352_0 
[2026-31-01 16:00:27] [INFO] Display state query complete. Found 3 monitors. 
[2026-31-01 16:00:27] [INFO] Current monitor count: 3 
[2026-31-01 16:00:27] [INFO] Applying DisplayFusion profile: TripleMonitor 
[2026-31-01 16:00:27] [VERBOSE] Executing: ""C:\Program Files\DisplayFusion\DisplayFusionCommand.exe"" -monitorloadprofile ""TripleMonitor"" 
[2026-31-01 16:00:29] [INFO] Profile command sent successfully: TripleMonitor 
[2026-31-01 16:00:29] [VERBOSE] Calculated adaptive delay for 'profile': 5s 
[2026-31-01 16:00:29] [INFO] Waiting 5 seconds for monitor stabilization... 
[2026-31-01 16:00:29] [VERBOSE] Stabilization delay: 5s (min: 1s, max: 10s) 
[2026-31-01 16:00:34] [VERBOSE] Stabilization wait complete 
[2026-31-01 16:00:34] [INFO] Querying display state... 
[2026-31-01 16:00:34] [VERBOSE] Found monitor: DISPLAY\GSM587E\5&121087ab&0&UID4355_0 
[2026-31-01 16:00:34] [VERBOSE] Found monitor: DISPLAY\AOC2703\5&121087ab&0&UID4356_0 
[2026-31-01 16:00:34] [VERBOSE] Found monitor: DISPLAY\GSM587E\5&121087ab&0&UID4352_0 
[2026-31-01 16:00:34] [INFO] Display state query complete. Found 3 monitors. 
[2026-31-01 16:00:34] [INFO] Monitor count after change: 3 
[2026-31-01 16:00:34] [INFO] Configuration applied successfully 
[2026-31-01 16:00:34] [INFO] DisplaySwitcher execution complete with exit code: 0 
[2026-31-01 16:00:47] [INFO] DisplaySwitcher v1.0.0 starting... 
[2026-31-01 16:00:47] [INFO] Initializing system... 
 
[2026-31-01 16:00:47] [INFO] System initialization complete 
[2026-31-01 16:00:47] [INFO] Requested profile: SingleCenter 
[2026-31-01 16:00:47] [INFO] Executing configuration for profile: SingleCenter 
[2026-31-01 16:00:47] [INFO] Querying display state... 
[2026-31-01 16:00:47] [INFO] Display state query complete. Found 3 monitors. 
[2026-31-01 16:00:47] [INFO] Current monitor count: 3 
[2026-31-01 16:00:47] [INFO] Applying DisplayFusion profile: SingleCenter 
[2026-31-01 16:00:49] [INFO] Profile command sent successfully: SingleCenter 
[2026-31-01 16:00:49] [INFO] Waiting 5 seconds for monitor stabilization... 
[2026-31-01 16:00:54] [INFO] Querying display state... 
[2026-31-01 16:00:54] [INFO] Display state query complete. Found 3 monitors. 
[2026-31-01 16:00:54] [INFO] Monitor count after change: 3 
[2026-31-01 16:00:54] [INFO] Configuration applied successfully 
[2026-31-01 16:00:54] [INFO] DisplaySwitcher execution complete with exit code: 0 
[2026-31-01 16:01:08] [INFO] DisplaySwitcher v1.0.0 starting... 
[2026-31-01 16:01:08] [INFO] Initializing system... 
 
[2026-31-01 16:01:08] [INFO] System initialization complete 
[2026-31-01 16:01:08] [INFO] No arguments provided 
[2026-31-01 16:01:48] [INFO] DisplaySwitcher v1.0.0 starting... 
[2026-31-01 16:01:48] [INFO] Initializing system... 
 
[2026-31-01 16:01:48] [INFO] System initialization complete 
[2026-31-01 16:01:48] [INFO] Requested profile: SingleCenter 
[2026-31-01 16:01:48] [INFO] Executing configuration for profile: SingleCenter 
[2026-31-01 16:01:48] [INFO] Querying display state... 
[2026-31-01 16:01:48] [INFO] Display state query complete. Found 3 monitors. 
[2026-31-01 16:01:48] [INFO] Current monitor count: 3 
[2026-31-01 16:01:48] [INFO] Applying DisplayFusion profile: SingleCenter 
[2026-31-01 16:01:50] [INFO] Profile command sent successfully: SingleCenter 
[2026-31-01 16:01:50] [INFO] Waiting 5 seconds for monitor stabilization... 
[2026-31-01 16:01:55] [INFO] Querying display state... 
[2026-31-01 16:01:55] [INFO] Display state query complete. Found 3 monitors. 
[2026-31-01 16:01:55] [INFO] Monitor count after change: 3 
[2026-31-01 16:01:55] [INFO] Configuration applied successfully 
[2026-31-01 16:01:55] [INFO] DisplaySwitcher execution complete with exit code: 0 
[2026-31-01 16:10:10] [INFO] DisplaySwitcher v1.0.0 starting... 
[2026-31-01 16:10:10] [INFO] Initializing system... 
 
[2026-31-01 16:10:10] [INFO] System initialization complete 
[2026-31-01 16:10:10] [INFO] Requested profile: SingleCenter 
[2026-31-01 16:10:10] [INFO] Executing configuration for profile: SingleCenter 
[2026-31-01 16:10:10] [INFO] Querying display state... 
[2026-31-01 16:10:11] [INFO] Display state query complete. Found 3 monitors. 
[2026-31-01 16:10:11] [INFO] Current monitor count: 3 
[2026-31-01 16:10:11] [INFO] Applying DisplayFusion profile: SingleCenter 
[2026-31-01 16:10:22] [INFO] Profile command sent successfully: SingleCenter 
[2026-31-01 16:10:22] [INFO] Waiting 5 seconds for monitor stabilization... 
[2026-31-01 16:10:27] [INFO] Querying display state... 
[2026-31-01 16:10:27] [INFO] Display state query complete. Found 3 monitors. 
[2026-31-01 16:10:27] [INFO] Monitor count after change: 3 
[2026-31-01 16:10:27] [INFO] Configuration applied successfully 
[2026-31-01 16:10:27] [INFO] DisplaySwitcher execution complete with exit code: 0 
[2026-31-01 16:10:39] [INFO] DisplaySwitcher v1.0.0 starting... 
[2026-31-01 16:10:39] [INFO] Initializing system... 
 
[2026-31-01 16:10:39] [INFO] System initialization complete 
[2026-31-01 16:10:39] [INFO] Requested profile: SingleCenter 
[2026-31-01 16:10:39] [INFO] Executing configuration for profile: SingleCenter 
[2026-31-01 16:10:39] [INFO] Querying display state... 
[2026-31-01 16:10:39] [INFO] Display state query complete. Found 3 monitors. 
[2026-31-01 16:10:39] [INFO] Current monitor count: 3 
[2026-31-01 16:10:39] [INFO] Applying DisplayFusion profile: SingleCenter 
[2026-31-01 16:10:48] [INFO] Profile command sent successfully: SingleCenter 
[2026-31-01 16:10:48] [INFO] Waiting 5 seconds for monitor stabilization... 
[2026-31-01 16:10:53] [INFO] Querying display state... 
[2026-31-01 16:10:53] [INFO] Display state query complete. Found 3 monitors. 
[2026-31-01 16:10:53] [INFO] Monitor count after change: 3 
[2026-31-01 16:10:53] [INFO] Configuration applied successfully 
[2026-31-01 16:10:53] [INFO] DisplaySwitcher execution complete with exit code: 0 
[2026-31-01 16:11:20] [INFO] DisplaySwitcher v1.0.0 starting... 
[2026-31-01 16:11:20] [INFO] Initializing system... 
 
[2026-31-01 16:11:20] [INFO] System initialization complete 
[2026-31-01 16:11:20] [INFO] Requested profile: TripleMonitor 
[2026-31-01 16:11:20] [INFO] Executing configuration for profile: TripleMonitor 
[2026-31-01 16:11:20] [INFO] Querying display state... 
[2026-31-01 16:11:20] [INFO] Display state query complete. Found 3 monitors. 
[2026-31-01 16:11:20] [INFO] Current monitor count: 3 
[2026-31-01 16:11:20] [INFO] Applying DisplayFusion profile: TripleMonitor 
[2026-31-01 16:11:40] [INFO] Profile command sent successfully: TripleMonitor 
[2026-31-01 16:11:40] [INFO] Waiting 5 seconds for monitor stabilization... 
[2026-31-01 16:11:45] [INFO] Querying display state... 
[2026-31-01 16:11:45] [INFO] Display state query complete. Found 3 monitors. 
[2026-31-01 16:11:45] [INFO] Monitor count after change: 3 
[2026-31-01 16:11:45] [INFO] Configuration applied successfully 
[2026-31-01 16:11:45] [INFO] DisplaySwitcher execution complete with exit code: 0 
[2026-31-01 16:12:03] [INFO] DisplaySwitcher v1.0.0 starting... 
[2026-31-01 16:12:03] [INFO] Initializing system... 
 
[2026-31-01 16:12:03] [INFO] System initialization complete 
[2026-31-01 16:12:03] [INFO] Requested profile: SingleCenter 
[2026-31-01 16:12:03] [INFO] Executing configuration for profile: SingleCenter 
[2026-31-01 16:12:03] [INFO] Querying display state... 
[2026-31-01 16:12:03] [INFO] Display state query complete. Found 3 monitors. 
[2026-31-01 16:12:03] [INFO] Current monitor count: 3 
[2026-31-01 16:12:03] [INFO] Applying DisplayFusion profile: SingleCenter 
[2026-31-01 16:12:17] [INFO] Profile command sent successfully: SingleCenter 
[2026-31-01 16:12:17] [INFO] Waiting 5 seconds for monitor stabilization... 
[2026-31-01 16:12:23] [INFO] Querying display state... 
[2026-31-01 16:12:23] [INFO] Display state query complete. Found 3 monitors. 
[2026-31-01 16:12:23] [INFO] Monitor count after change: 3 
[2026-31-01 16:12:23] [INFO] Configuration applied successfully 
[2026-31-01 16:12:23] [INFO] DisplaySwitcher execution complete with exit code: 0 
[2026-31-01 16:12:49] [INFO] DisplaySwitcher v1.0.0 starting... 
[2026-31-01 16:12:49] [INFO] Initializing system... 
 
[2026-31-01 16:12:49] [INFO] System initialization complete 
[2026-31-01 16:12:49] [INFO] Requested profile: SingleCenter 
[2026-31-01 16:12:49] [INFO] Executing configuration for profile: SingleCenter 
[2026-31-01 16:12:49] [INFO] Querying display state... 
[2026-31-01 16:12:49] [INFO] Display state query complete. Found 3 monitors. 
[2026-31-01 16:12:49] [INFO] Current monitor count: 3 
[2026-31-01 16:12:49] [INFO] Applying DisplayFusion profile: SingleCenter 
[2026-31-01 16:12:59] [INFO] Profile command sent successfully: SingleCenter 
[2026-31-01 16:12:59] [INFO] Waiting 5 seconds for monitor stabilization... 
[2026-31-01 16:13:04] [INFO] Querying display state... 
[2026-31-01 16:13:04] [INFO] Display state query complete. Found 3 monitors. 
[2026-31-01 16:13:04] [INFO] Monitor count after change: 3 
[2026-31-01 16:13:04] [INFO] Configuration applied successfully 
[2026-31-01 16:13:04] [INFO] DisplaySwitcher execution complete with exit code: 0 
[2026-31-01 16:20:09] [INFO] DisplaySwitcher v1.0.0 starting... 
[2026-31-01 16:20:09] [INFO] Initializing system... 
 
[2026-31-01 16:20:09] [INFO] System initialization complete 
[2026-31-01 16:20:09] [INFO] Requested profile: SingleCenter 
[2026-31-01 16:20:09] [INFO] Executing configuration for profile: SingleCenter 
[2026-31-01 16:20:09] [INFO] Querying display state... 
[2026-31-01 16:20:10] [INFO] Display state query complete. Found 3 monitors. 
[2026-31-01 16:20:10] [INFO] Current monitor count: 3 
[2026-31-01 16:20:10] [INFO] Applying DisplayFusion profile: SingleCenter 
[2026-31-01 16:20:18] [INFO] Profile command sent successfully: SingleCenter 
[2026-31-01 16:20:19] [INFO] Waiting 5 seconds for monitor stabilization... 
[2026-31-01 16:20:24] [INFO] Querying display state... 
[2026-31-01 16:20:24] [INFO] Display state query complete. Found 3 monitors. 
[2026-31-01 16:20:24] [INFO] Monitor count after change: 3 
[2026-31-01 16:20:24] [INFO] Configuration applied successfully 
[2026-31-01 16:20:24] [INFO] DisplaySwitcher execution complete with exit code: 0 
[2026-31-01 16:21:42] [INFO] DisplaySwitcher v1.0.0 starting... 
[2026-31-01 16:21:42] [INFO] Initializing system... 
 
[2026-31-01 16:21:42] [INFO] System initialization complete 
[2026-31-01 16:21:42] [INFO] Requested profile: SingleCenter 
[2026-31-01 16:21:42] [INFO] Executing configuration for profile: SingleCenter 
[2026-31-01 16:21:42] [INFO] Querying display state... 
[2026-31-01 16:21:43] [INFO] Display state query complete. Found 3 monitors. 
[2026-31-01 16:21:43] [INFO] Current monitor count: 3 
[2026-31-01 16:21:43] [INFO] Applying DisplayFusion profile: SingleCenter 
[2026-31-01 16:21:51] [INFO] Profile command sent successfully: SingleCenter 
[2026-31-01 16:21:51] [INFO] Waiting 5 seconds for monitor stabilization... 
[2026-31-01 16:21:56] [INFO] Querying display state... 
[2026-31-01 16:21:56] [INFO] Display state query complete. Found 3 monitors. 
[2026-31-01 16:21:56] [INFO] Monitor count after change: 3 
[2026-31-01 16:21:56] [INFO] Configuration applied successfully 
[2026-31-01 16:21:56] [INFO] DisplaySwitcher execution complete with exit code: 0 
[2026-31-01 16:22:43] [INFO] DisplaySwitcher v1.0.0 starting... 
[2026-31-01 16:22:43] [INFO] Initializing system... 
 
[2026-31-01 16:22:43] [INFO] System initialization complete 
[2026-31-01 16:22:43] [INFO] Requested profile: SingleCenter 
[2026-31-01 16:22:43] [INFO] Executing configuration for profile: SingleCenter 
[2026-31-01 16:22:43] [INFO] Querying display state... 
[2026-31-01 16:22:43] [INFO] Display state query complete. Found 3 monitors. 
[2026-31-01 16:22:43] [INFO] Current monitor count: 3 
[2026-31-01 16:22:43] [INFO] Applying DisplayFusion profile: SingleCenter 
[2026-31-01 16:23:03] [INFO] Profile command sent successfully: SingleCenter 
[2026-31-01 16:23:03] [INFO] Waiting 5 seconds for monitor stabilization... 
[2026-31-01 16:23:08] [INFO] Querying display state... 
[2026-31-01 16:23:08] [INFO] Display state query complete. Found 3 monitors. 
[2026-31-01 16:23:08] [INFO] Monitor count after change: 3 
[2026-31-01 16:23:08] [INFO] Configuration applied successfully 
[2026-31-01 16:23:08] [INFO] DisplaySwitcher execution complete with exit code: 0 
[2026-31-01 16:23:24] [INFO] DisplaySwitcher v1.0.0 starting... 
[2026-31-01 16:23:24] [INFO] Initializing system... 
 
[2026-31-01 16:23:24] [INFO] System initialization complete 
[2026-31-01 16:23:24] [INFO] Requested profile: SingleCenter 
[2026-31-01 16:23:24] [INFO] Executing configuration for profile: SingleCenter 
[2026-31-01 16:23:24] [INFO] Querying display state... 
[2026-31-01 16:23:24] [INFO] Display state query complete. Found 3 monitors. 
[2026-31-01 16:23:24] [INFO] Current monitor count: 3 
[2026-31-01 16:23:24] [INFO] Applying DisplayFusion profile: SingleCenter 
[2026-31-01 16:23:33] [INFO] Profile command sent successfully: SingleCenter 
[2026-31-01 16:23:33] [INFO] Waiting 5 seconds for monitor stabilization... 
[2026-31-01 16:23:38] [INFO] Querying display state... 
[2026-31-01 16:23:38] [INFO] Display state query complete. Found 3 monitors. 
[2026-31-01 16:23:38] [INFO] Monitor count after change: 3 
[2026-31-01 16:23:38] [INFO] Configuration applied successfully 
[2026-31-01 16:23:38] [INFO] DisplaySwitcher execution complete with exit code: 0 
[2026-31-01 16:24:43] [INFO] DisplaySwitcher v1.0.0 starting... 
[2026-31-01 16:24:43] [INFO] Initializing system... 
 
[2026-31-01 16:24:43] [INFO] System initialization complete 
[2026-31-01 16:24:43] [INFO] Requested profile: SingleCenter 
[2026-31-01 16:24:43] [INFO] Executing configuration for profile: SingleCenter 
[2026-31-01 16:24:43] [INFO] Querying display state... 
[2026-31-01 16:24:43] [INFO] Display state query complete. Found 3 monitors. 
[2026-31-01 16:24:43] [INFO] Current monitor count: 3 
[2026-31-01 16:24:43] [INFO] Applying DisplayFusion profile: SingleCenter 
[2026-31-01 16:24:51] [INFO] Profile command sent successfully: SingleCenter 
[2026-31-01 16:24:51] [INFO] Waiting 5 seconds for monitor stabilization... 
[2026-31-01 16:24:56] [INFO] Querying display state... 
[2026-31-01 16:24:56] [INFO] Display state query complete. Found 3 monitors. 
[2026-31-01 16:24:56] [INFO] Monitor count after change: 3 
[2026-31-01 16:24:56] [INFO] Configuration applied successfully 
[2026-31-01 16:24:56] [INFO] DisplaySwitcher execution complete with exit code: 0 
[2026-31-01 16:25:37] [INFO] DisplaySwitcher v1.0.0 starting... 
[2026-31-01 16:25:37] [INFO] Initializing system... 
 
[2026-31-01 16:25:37] [INFO] System initialization complete 
[2026-31-01 16:25:37] [INFO] Requested profile: SingleCenter 
[2026-31-01 16:25:37] [INFO] Executing configuration for profile: SingleCenter 
[2026-31-01 16:25:37] [INFO] Querying display state... 
[2026-31-01 16:25:38] [INFO] Display state query complete. Found 3 monitors. 
[2026-31-01 16:25:38] [INFO] Current monitor count: 3 
[2026-31-01 16:25:38] [INFO] Applying DisplayFusion profile: SingleCenter 
[2026-31-01 16:25:45] [INFO] Profile command sent successfully: SingleCenter 
[2026-31-01 16:25:45] [INFO] Waiting 5 seconds for monitor stabilization... 
[2026-31-01 16:25:50] [INFO] Querying display state... 
[2026-31-01 16:25:50] [INFO] Display state query complete. Found 3 monitors. 
[2026-31-01 16:25:50] [INFO] Monitor count after change: 3 
[2026-31-01 16:25:50] [INFO] Configuration applied successfully 
[2026-31-01 16:25:50] [INFO] DisplaySwitcher execution complete with exit code: 0 
[2026-31-01 16:25:55] [INFO] DisplaySwitcher v1.0.0 starting... 
[2026-31-01 16:25:55] [INFO] Initializing system... 
 
[2026-31-01 16:25:55] [INFO] System initialization complete 
[2026-31-01 16:25:55] [INFO] Requested profile: SingleCenter 
[2026-31-01 16:25:55] [INFO] Executing configuration for profile: SingleCenter 
[2026-31-01 16:25:55] [INFO] Querying display state... 
[2026-31-01 16:25:56] [INFO] Display state query complete. Found 3 monitors. 
[2026-31-01 16:25:56] [INFO] Current monitor count: 3 
[2026-31-01 16:25:56] [INFO] Applying DisplayFusion profile: SingleCenter 
[2026-31-01 16:26:05] [INFO] Profile command sent successfully: SingleCenter 
[2026-31-01 16:26:05] [INFO] Waiting 5 seconds for monitor stabilization... 
[2026-31-01 16:26:10] [INFO] Querying display state... 
[2026-31-01 16:26:10] [INFO] Display state query complete. Found 3 monitors. 
[2026-31-01 16:26:10] [INFO] Monitor count after change: 3 
[2026-31-01 16:26:10] [INFO] Configuration applied successfully 
[2026-31-01 16:26:10] [INFO] DisplaySwitcher execution complete with exit code: 0 
[2026-31-01 16:26:45] [INFO] DisplaySwitcher v1.0.0 starting... 
[2026-31-01 16:26:45] [INFO] Initializing system... 
 
[2026-31-01 16:26:45] [INFO] System initialization complete 
[2026-31-01 16:26:45] [INFO] Using custom profile name: single.\DisplaySwitcher.bat 
[2026-31-01 16:26:45] [INFO] Requested profile: single.\DisplaySwitcher.bat 
[2026-31-01 16:26:45] [INFO] Executing configuration for profile: single.\DisplaySwitcher.bat 
[2026-31-01 16:26:45] [INFO] Querying display state... 
[2026-31-01 16:26:45] [INFO] Display state query complete. Found 3 monitors. 
[2026-31-01 16:26:45] [INFO] Current monitor count: 3 
[2026-31-01 16:26:45] [INFO] Applying DisplayFusion profile: single.\DisplaySwitcher.bat 
[2026-31-01 16:26:47] [INFO] Profile command sent successfully: single.\DisplaySwitcher.bat 
[2026-31-01 16:26:47] [INFO] Waiting 5 seconds for monitor stabilization... 
[2026-31-01 16:26:52] [INFO] Querying display state... 
[2026-31-01 16:26:52] [INFO] Display state query complete. Found 3 monitors. 
[2026-31-01 16:26:52] [INFO] Monitor count after change: 3 
[2026-31-01 16:26:52] [INFO] Configuration applied successfully 
[2026-31-01 16:26:52] [INFO] DisplaySwitcher execution complete with exit code: 0 
[2026-31-01 16:27:13] [INFO] DisplaySwitcher v1.0.0 starting... 
[2026-31-01 16:27:13] [INFO] Initializing system... 
 
[2026-31-01 16:27:13] [INFO] System initialization complete 
[2026-31-01 16:27:13] [INFO] Requested profile: SingleCenter 
[2026-31-01 16:27:13] [INFO] Executing configuration for profile: SingleCenter 
[2026-31-01 16:27:13] [INFO] Querying display state... 
[2026-31-01 16:27:13] [INFO] Display state query complete. Found 3 monitors. 
[2026-31-01 16:27:13] [INFO] Current monitor count: 3 
[2026-31-01 16:27:13] [INFO] Applying DisplayFusion profile: SingleCenter 
[2026-31-01 16:27:36] [INFO] DisplaySwitcher v1.0.0 starting... 
[2026-31-01 16:27:36] [INFO] Initializing system... 
 
[2026-31-01 16:27:36] [INFO] System initialization complete 
[2026-31-01 16:27:36] [INFO] Requested profile: SingleCenter 
[2026-31-01 16:27:36] [INFO] Executing configuration for profile: SingleCenter 
[2026-31-01 16:27:36] [INFO] Querying display state... 
[2026-31-01 16:27:36] [INFO] Display state query complete. Found 3 monitors. 
[2026-31-01 16:27:36] [INFO] Current monitor count: 3 
[2026-31-01 16:27:36] [INFO] Applying DisplayFusion profile: SingleCenter 
[2026-31-01 16:27:44] [INFO] Profile command sent successfully: SingleCenter 
[2026-31-01 16:27:44] [INFO] Waiting 5 seconds for monitor stabilization... 
[2026-31-01 16:27:49] [INFO] Querying display state... 
[2026-31-01 16:27:49] [INFO] Display state query complete. Found 3 monitors. 
[2026-31-01 16:27:49] [INFO] Monitor count after change: 3 
[2026-31-01 16:27:49] [INFO] Configuration applied successfully 
[2026-31-01 16:27:49] [INFO] DisplaySwitcher execution complete with exit code: 0 
[2026-31-01 16:27:54] [INFO] DisplaySwitcher v1.0.0 starting... 
[2026-31-01 16:27:54] [INFO] Initializing system... 
 
[2026-31-01 16:27:55] [INFO] System initialization complete 
[2026-31-01 16:27:55] [INFO] Requested profile: SingleCenter 
[2026-31-01 16:27:55] [INFO] Executing configuration for profile: SingleCenter 
[2026-31-01 16:27:55] [INFO] Querying display state... 
[2026-31-01 16:27:55] [INFO] Display state query complete. Found 3 monitors. 
[2026-31-01 16:27:55] [INFO] Current monitor count: 3 
[2026-31-01 16:27:55] [INFO] Applying DisplayFusion profile: SingleCenter 
[2026-31-01 16:28:05] [INFO] Profile command sent successfully: SingleCenter 
[2026-31-01 16:28:05] [INFO] Waiting 5 seconds for monitor stabilization... 
[2026-31-01 16:28:10] [INFO] Querying display state... 
[2026-31-01 16:28:10] [INFO] Display state query complete. Found 3 monitors. 
[2026-31-01 16:28:10] [INFO] Monitor count after change: 3 
[2026-31-01 16:28:10] [INFO] Configuration applied successfully 
[2026-31-01 16:28:10] [INFO] DisplaySwitcher execution complete with exit code: 0 
[2026-31-01 16:28:50] [INFO] DisplaySwitcher v1.0.0 starting... 
[2026-31-01 16:28:50] [INFO] Initializing system... 
 
[2026-31-01 16:28:51] [INFO] System initialization complete 
[2026-31-01 16:28:51] [INFO] Requested profile: SingleCenter 
[2026-31-01 16:28:51] [INFO] Executing configuration for profile: SingleCenter 
[2026-31-01 16:28:51] [INFO] Querying display state... 
[2026-31-01 16:28:51] [INFO] Display state query complete. Found 3 monitors. 
[2026-31-01 16:28:51] [INFO] Current monitor count: 3 
[2026-31-01 16:28:51] [INFO] Applying DisplayFusion profile: SingleCenter 
[2026-31-01 16:29:05] [INFO] Profile command sent successfully: SingleCenter 
[2026-31-01 16:29:05] [INFO] Waiting 5 seconds for monitor stabilization... 
[2026-31-01 16:29:10] [INFO] Querying display state... 
[2026-31-01 16:29:10] [INFO] Display state query complete. Found 3 monitors. 
[2026-31-01 16:29:10] [INFO] Monitor count after change: 3 
[2026-31-01 16:29:10] [INFO] Configuration applied successfully 
[2026-31-01 16:29:10] [INFO] DisplaySwitcher execution complete with exit code: 0 
[2026-31-01 16:29:35] [INFO] DisplaySwitcher v1.0.0 starting... 
[2026-31-01 16:29:35] [INFO] Initializing system... 
 
[2026-31-01 16:29:35] [INFO] System initialization complete 
[2026-31-01 16:29:35] [INFO] Requested profile: SingleCenter 
[2026-31-01 16:29:35] [INFO] Executing configuration for profile: SingleCenter 
[2026-31-01 16:29:35] [INFO] Querying display state... 
[2026-31-01 16:29:35] [INFO] Display state query complete. Found 3 monitors. 
[2026-31-01 16:29:35] [INFO] Current monitor count: 3 
[2026-31-01 16:29:35] [INFO] Applying DisplayFusion profile: SingleCenter 
[2026-31-01 16:29:54] [INFO] Profile command sent successfully: SingleCenter 
[2026-31-01 16:29:54] [INFO] Waiting 5 seconds for monitor stabilization... 
[2026-31-01 16:29:59] [INFO] Querying display state... 
[2026-31-01 16:29:59] [INFO] Display state query complete. Found 3 monitors. 
[2026-31-01 16:29:59] [INFO] Monitor count after change: 3 
[2026-31-01 16:29:59] [INFO] Configuration applied successfully 
[2026-31-01 16:29:59] [INFO] DisplaySwitcher execution complete with exit code: 0 
[2026-31-01 16:30:57] [INFO] DisplaySwitcher v1.0.0 starting... 
[2026-31-01 16:30:57] [INFO] Initializing system... 
 
[2026-31-01 16:30:57] [INFO] System initialization complete 
[2026-31-01 16:30:57] [INFO] Requested profile: SingleCenter 
[2026-31-01 16:30:57] [INFO] Executing configuration for profile: SingleCenter 
[2026-31-01 16:30:57] [INFO] Querying display state... 
[2026-31-01 16:30:57] [INFO] Display state query complete. Found 3 monitors. 
[2026-31-01 16:30:57] [INFO] Current monitor count: 3 
[2026-31-01 16:30:57] [INFO] Applying DisplayFusion profile: SingleCenter 
[2026-31-01 16:31:17] [INFO] Profile command sent successfully: SingleCenter 
[2026-31-01 16:31:17] [INFO] Waiting 5 seconds for monitor stabilization... 
[2026-31-01 16:31:22] [INFO] Querying display state... 
[2026-31-01 16:31:22] [INFO] Display state query complete. Found 3 monitors. 
[2026-31-01 16:31:22] [INFO] Monitor count after change: 3 
[2026-31-01 16:31:22] [INFO] Configuration applied successfully 
[2026-31-01 16:31:22] [INFO] DisplaySwitcher execution complete with exit code: 0 
[2026-31-01 16:35:14] [INFO] DisplaySwitcher v1.0.0 starting... 
[2026-31-01 16:35:14] [INFO] Initializing system... 
 
[2026-31-01 16:35:14] [INFO] System initialization complete 
[2026-31-01 16:35:14] [INFO] Requested profile: TripleMonitor 
[2026-31-01 16:35:14] [INFO] Executing configuration for profile: TripleMonitor 
[2026-31-01 16:35:14] [INFO] Querying display state... 
[2026-31-01 16:35:14] [INFO] Display state query complete. Found 3 monitors. 
[2026-31-01 16:35:14] [INFO] Current monitor count: 3 
[2026-31-01 16:35:14] [INFO] Applying DisplayFusion profile: TripleMonitor 
[2026-31-01 16:35:32] [INFO] Profile command sent successfully: TripleMonitor 
[2026-31-01 16:35:32] [INFO] Waiting 5 seconds for monitor stabilization... 
[2026-31-01 16:35:37] [INFO] Querying display state... 
[2026-31-01 16:35:37] [INFO] Display state query complete. Found 3 monitors. 
[2026-31-01 16:35:37] [INFO] Monitor count after change: 3 
[2026-31-01 16:35:37] [INFO] Configuration applied successfully 
[2026-31-01 16:35:37] [INFO] DisplaySwitcher execution complete with exit code: 0 
[2026-31-01 17:23:38] [INFO] DisplaySwitcher v1.0.0 starting... 
[2026-31-01 17:23:38] [INFO] Initializing system... 
 
[2026-31-01 17:23:38] [INFO] System initialization complete 
[2026-31-01 17:23:38] [INFO] Requested profile: TripleMonitor 
[2026-31-01 17:23:38] [INFO] Executing configuration for profile: TripleMonitor 
[2026-31-01 17:23:38] [INFO] Querying display state... 
[2026-31-01 17:23:39] [INFO] Display state query complete. Found 3 monitors. 
[2026-31-01 17:23:39] [INFO] Current monitor count: 3 
[2026-31-01 17:23:39] [INFO] Applying DisplayFusion profile: TripleMonitor 
[2026-31-01 17:24:04] [INFO] Profile command sent successfully: TripleMonitor 
[2026-31-01 17:24:04] [INFO] Waiting 5 seconds for monitor stabilization... 
[2026-31-01 17:24:09] [INFO] Querying display state... 
[2026-31-01 17:24:09] [INFO] Display state query complete. Found 3 monitors. 
[2026-31-01 17:24:09] [INFO] Monitor count after change: 3 
[2026-31-01 17:24:09] [INFO] Configuration applied successfully 
[2026-31-01 17:24:09] [INFO] DisplaySwitcher execution complete with exit code: 0 
[2026-31-01 17:32:56] [INFO] DisplaySwitcher v1.0.0 starting... 
[2026-31-01 17:32:56] [INFO] Initializing system... 
 
[2026-31-01 17:32:56] [INFO] System initialization complete 
[2026-31-01 17:32:56] [INFO] Requested profile: SingleCenter 
[2026-31-01 17:32:56] [INFO] Executing configuration for profile: SingleCenter 
[2026-31-01 17:32:56] [INFO] Querying display state... 
[2026-31-01 17:32:57] [INFO] Display state query complete. Found 3 monitors. 
[2026-31-01 17:32:57] [INFO] Current monitor count: 3 
[2026-31-01 17:32:57] [INFO] Applying DisplayFusion profile: SingleCenter 
[2026-31-01 17:33:06] [INFO] Profile command sent successfully: SingleCenter 
[2026-31-01 17:33:06] [INFO] Waiting 5 seconds for monitor stabilization... 
[2026-31-01 17:33:11] [INFO] Querying display state... 
[2026-31-01 17:33:11] [INFO] Display state query complete. Found 3 monitors. 
[2026-31-01 17:33:11] [INFO] Monitor count after change: 3 
[2026-31-01 17:33:11] [INFO] Configuration applied successfully 
[2026-31-01 17:33:11] [INFO] DisplaySwitcher execution complete with exit code: 0 
