# RustDeskWatcher Log
# Version: 2.0.0
# Started: 2026-01-31 18:19:17
# ==========================================
[2026-01-31 18:20:48.821] [INFO] ==========================================
[2026-01-31 18:20:48.835] [INFO] RustDeskWatcher starting...
[2026-01-31 18:20:48.836] [INFO] ==========================================
[2026-01-31 18:20:48.836] [INFO] Script directory: C:\Users\mail\Documents\000 Development\Three monitor switch\rust_desk
[2026-01-31 18:20:48.837] [INFO] DisplaySwitcher: C:\Users\mail\Documents\000 Development\Three monitor switch\monitor_switcher\DisplaySwitcher.bat
[2026-01-31 18:20:48.838] [INFO] RustDesk log directory: C:\Windows\ServiceProfiles\LocalService\AppData\Roaming\RustDesk\log\server
[2026-01-31 18:20:48.841] [INFO] Debounce interval: 5s
[2026-01-31 18:20:48.860] [INFO] Watching log file: C:\Windows\ServiceProfiles\LocalService\AppData\Roaming\RustDesk\log\server\RustDesk_rCURRENT.log
[2026-01-31 18:20:48.873] [DEBUG] Starting log tail on: C:\Windows\ServiceProfiles\LocalService\AppData\Roaming\RustDesk\log\server\RustDesk_rCURRENT.log
[2026-01-31 18:22:43.729] [INFO] === RustDesk Connection Opened ===
[2026-01-31 18:22:43.741] [DEBUG] Detected current profile from log: TripleMonitor
[2026-01-31 18:22:43.743] [INFO] Current profile before RustDesk: TripleMonitor
[2026-01-31 18:22:43.803] [DEBUG] State saved: PreviousProfile=TripleMonitor, Connected=True
[2026-01-31 18:22:43.811] [INFO] Switching to profile: RustDesk
[2026-01-31 18:22:43.814] [DEBUG] Executing: C:\Users\mail\Documents\000 Development\Three monitor switch\monitor_switcher\DisplaySwitcher.bat RustDesk
[2026-01-31 18:22:59.983] [ERROR] Profile switch failed with exit code: -1
[2026-01-31 18:22:59.986] [WARNING] Failed to switch to RustDesk profile, will retry on next event
[2026-01-31 18:23:55.504] [INFO] ==========================================
[2026-01-31 18:23:55.519] [INFO] RustDeskWatcher starting...
[2026-01-31 18:23:55.521] [INFO] ==========================================
[2026-01-31 18:23:55.522] [INFO] Script directory: C:\Users\mail\Documents\000 Development\Three monitor switch\rust_desk
[2026-01-31 18:23:55.523] [INFO] DisplaySwitcher: C:\Users\mail\Documents\000 Development\Three monitor switch\monitor_switcher\DisplaySwitcher.bat
[2026-01-31 18:23:55.523] [INFO] RustDesk log directory: C:\Windows\ServiceProfiles\LocalService\AppData\Roaming\RustDesk\log\server
[2026-01-31 18:23:55.524] [INFO] Debounce interval: 5s
[2026-01-31 18:23:55.561] [DEBUG] State loaded: PreviousProfile=TripleMonitor, Connected=True
[2026-01-31 18:23:55.564] [WARNING] Previous state indicates active connection - may need manual profile restore
[2026-01-31 18:23:55.579] [INFO] Watching log file: C:\Windows\ServiceProfiles\LocalService\AppData\Roaming\RustDesk\log\server\RustDesk_rCURRENT.log
[2026-01-31 18:23:55.590] [DEBUG] Starting log tail on: C:\Windows\ServiceProfiles\LocalService\AppData\Roaming\RustDesk\log\server\RustDesk_rCURRENT.log
[2026-01-31 18:24:15.378] [INFO] === RustDesk Connection Closed ===
[2026-01-31 18:24:15.382] [DEBUG] State loaded: PreviousProfile=TripleMonitor, Connected=True
[2026-01-31 18:24:15.387] [INFO] Restoring previous profile: TripleMonitor
[2026-01-31 18:24:15.456] [DEBUG] State saved: PreviousProfile=TripleMonitor, Connected=False
[2026-01-31 18:24:15.463] [INFO] Switching to profile: TripleMonitor
[2026-01-31 18:24:15.468] [DEBUG] Executing: C:\Users\mail\Documents\000 Development\Three monitor switch\monitor_switcher\DisplaySwitcher.bat TripleMonitor
[2026-01-31 18:24:26.618] [INFO] Profile switch successful: TripleMonitor
[2026-01-31 18:24:56.639] [INFO] === RustDesk Connection Opened ===
[2026-01-31 18:24:56.673] [DEBUG] Detected current profile from log: TripleMonitor
[2026-01-31 18:24:56.675] [INFO] Current profile before RustDesk: TripleMonitor
[2026-01-31 18:24:56.678] [DEBUG] State saved: PreviousProfile=TripleMonitor, Connected=True
[2026-01-31 18:24:56.680] [INFO] Switching to profile: RustDesk
[2026-01-31 18:24:56.682] [DEBUG] Executing: C:\Users\mail\Documents\000 Development\Three monitor switch\monitor_switcher\DisplaySwitcher.bat RustDesk
[2026-01-31 18:25:16.808] [INFO] Profile switch successful: RustDesk
[2026-01-31 18:27:57.794] [INFO] === RustDesk Connection Closed ===
[2026-01-31 18:27:57.801] [DEBUG] State loaded: PreviousProfile=TripleMonitor, Connected=True
[2026-01-31 18:27:57.803] [INFO] Restoring previous profile: TripleMonitor
[2026-01-31 18:27:57.808] [DEBUG] State saved: PreviousProfile=TripleMonitor, Connected=False
[2026-01-31 18:27:57.812] [INFO] Switching to profile: TripleMonitor
[2026-01-31 18:27:57.814] [DEBUG] Executing: C:\Users\mail\Documents\000 Development\Three monitor switch\monitor_switcher\DisplaySwitcher.bat TripleMonitor
[2026-01-31 18:28:19.979] [INFO] Profile switch successful: TripleMonitor
